<?xml version="1.0" encoding="UTF-8"?>
<testng-results ignored="0" total="1" passed="0" failed="0" skipped="1">
  <reporter-output>
  </reporter-output>
  <suite started-at="2023-04-24T12:16:30 IST" name="Default suite" finished-at="2023-04-24T12:17:10 IST" duration-ms="40118">
    <groups>
    </groups>
    <test started-at="2023-04-24T12:16:30 IST" name="Default test" finished-at="2023-04-24T12:17:10 IST" duration-ms="40118">
      <class name="org.TST.NotificationValidation">
        <test-method is-config="true" signature="ConfigureAppium()[pri:0, instance:org.TST.NotificationValidation@45d84a20]" started-at="2023-04-24T12:16:30 IST" name="ConfigureAppium" finished-at="2023-04-24T12:17:10 IST" duration-ms="40023" status="FAIL">
          <exception class="org.openqa.selenium.SessionNotCreatedException">
            <message>
              <![CDATA[Could not start a new session. Response code 500. Message: An unknown server-side error occurred while processing the command. Original error: Cannot start the 'com.instagram.android' application. Consider checking the driver's troubleshooting documentation. Original error: 'com.instagram.android.activity.MainTabActivity' or 'com.instagram.android.com.instagram.android.activity.MainTabActivity' never started. Consider checking the driver's troubleshooting documentation. 
Host info: host: 'DESKTOP-HHRJMA8', ip: '192.168.122.1'
Build info: version: '4.9.0', revision: 'd7057100a6'
System info: os.name: 'Windows 10', os.arch: 'amd64', os.version: '10.0', java.version: '11.0.17'
Driver info: io.appium.java_client.android.AndroidDriver
Command: [null, newSession {capabilities=[{appium:deviceName=AshishEmulator, platformName=ANDROID, appium:automationName=UIAutomator2, appium:app=C:\Users\Ashish Jha\eclipse-workspace\InstagramFrameworkDesign//src//test//java//resources//Instagram_278.0.0.21.117_Apkpure.apk}], desiredCapabilities=Capabilities {appium:app: C:\Users\Ashish Jha\eclipse..., appium:automationName: UIAutomator2, appium:deviceName: AshishEmulator, platformName: ANDROID}}]
Capabilities {appium:app: C:\Users\Ashish Jha\eclipse..., appium:automationName: UIAutomator2, appium:deviceName: AshishEmulator, platformName: ANDROID}]]>
            </message>
            <full-stacktrace>
              <![CDATA[org.openqa.selenium.SessionNotCreatedException: Could not start a new session. Response code 500. Message: An unknown server-side error occurred while processing the command. Original error: Cannot start the 'com.instagram.android' application. Consider checking the driver's troubleshooting documentation. Original error: 'com.instagram.android.activity.MainTabActivity' or 'com.instagram.android.com.instagram.android.activity.MainTabActivity' never started. Consider checking the driver's troubleshooting documentation. 
Host info: host: 'DESKTOP-HHRJMA8', ip: '192.168.122.1'
Build info: version: '4.9.0', revision: 'd7057100a6'
System info: os.name: 'Windows 10', os.arch: 'amd64', os.version: '10.0', java.version: '11.0.17'
Driver info: io.appium.java_client.android.AndroidDriver
Command: [null, newSession {capabilities=[{appium:deviceName=AshishEmulator, platformName=ANDROID, appium:automationName=UIAutomator2, appium:app=C:\Users\Ashish Jha\eclipse-workspace\InstagramFrameworkDesign//src//test//java//resources//Instagram_278.0.0.21.117_Apkpure.apk}], desiredCapabilities=Capabilities {appium:app: C:\Users\Ashish Jha\eclipse..., appium:automationName: UIAutomator2, appium:deviceName: AshishEmulator, platformName: ANDROID}}]
Capabilities {appium:app: C:\Users\Ashish Jha\eclipse..., appium:automationName: UIAutomator2, appium:deviceName: AshishEmulator, platformName: ANDROID}
at org.openqa.selenium.remote.ProtocolHandshake.createSession(ProtocolHandshake.java:136)
at java.base/jdk.internal.reflect.NativeMethodAccessorImpl.invoke0(Native Method)
at java.base/jdk.internal.reflect.NativeMethodAccessorImpl.invoke(NativeMethodAccessorImpl.java:62)
at java.base/jdk.internal.reflect.DelegatingMethodAccessorImpl.invoke(DelegatingMethodAccessorImpl.java:43)
at java.base/java.lang.reflect.Method.invoke(Method.java:566)
at io.appium.java_client.remote.AppiumProtocolHandshake.createSession(AppiumProtocolHandshake.java:133)
at io.appium.java_client.remote.AppiumProtocolHandshake.createSession(AppiumProtocolHandshake.java:102)
at io.appium.java_client.remote.AppiumCommandExecutor.createSession(AppiumCommandExecutor.java:194)
at io.appium.java_client.remote.AppiumCommandExecutor.execute(AppiumCommandExecutor.java:262)
at org.openqa.selenium.remote.RemoteWebDriver.execute(RemoteWebDriver.java:543)
at io.appium.java_client.AppiumDriver.startSession(AppiumDriver.java:229)
at org.openqa.selenium.remote.RemoteWebDriver.<init>(RemoteWebDriver.java:157)
at io.appium.java_client.AppiumDriver.<init>(AppiumDriver.java:80)
at io.appium.java_client.AppiumDriver.<init>(AppiumDriver.java:92)
at io.appium.java_client.android.AndroidDriver.<init>(AndroidDriver.java:117)
at org.TST.TestUtils.BaseTest.ConfigureAppium(BaseTest.java:51)
at java.base/jdk.internal.reflect.NativeMethodAccessorImpl.invoke0(Native Method)
at java.base/jdk.internal.reflect.NativeMethodAccessorImpl.invoke(NativeMethodAccessorImpl.java:62)
at java.base/jdk.internal.reflect.DelegatingMethodAccessorImpl.invoke(DelegatingMethodAccessorImpl.java:43)
at java.base/java.lang.reflect.Method.invoke(Method.java:566)
at org.testng.internal.invokers.MethodInvocationHelper.invokeMethod(MethodInvocationHelper.java:139)
at org.testng.internal.invokers.MethodInvocationHelper.invokeMethodConsideringTimeout(MethodInvocationHelper.java:69)
at org.testng.internal.invokers.ConfigInvoker.invokeConfigurationMethod(ConfigInvoker.java:361)
at org.testng.internal.invokers.ConfigInvoker.invokeConfigurations(ConfigInvoker.java:296)
at org.testng.internal.invokers.TestMethodWorker.invokeBeforeClassMethods(TestMethodWorker.java:180)
at org.testng.internal.invokers.TestMethodWorker.run(TestMethodWorker.java:122)
at java.base/java.util.ArrayList.forEach(ArrayList.java:1541)
at org.testng.TestRunner.privateRun(TestRunner.java:829)
at org.testng.TestRunner.run(TestRunner.java:602)
at org.testng.SuiteRunner.runTest(SuiteRunner.java:437)
at org.testng.SuiteRunner.runSequentially(SuiteRunner.java:431)
at org.testng.SuiteRunner.privateRun(SuiteRunner.java:391)
at org.testng.SuiteRunner.run(SuiteRunner.java:330)
at org.testng.SuiteRunnerWorker.runSuite(SuiteRunnerWorker.java:52)
at org.testng.SuiteRunnerWorker.run(SuiteRunnerWorker.java:95)
at org.testng.TestNG.runSuitesSequentially(TestNG.java:1256)
at org.testng.TestNG.runSuitesLocally(TestNG.java:1176)
at org.testng.TestNG.runSuites(TestNG.java:1099)
at org.testng.TestNG.run(TestNG.java:1067)
at org.testng.remote.AbstractRemoteTestNG.run(AbstractRemoteTestNG.java:115)
at org.testng.remote.RemoteTestNG.initAndRun(RemoteTestNG.java:251)
at org.testng.remote.RemoteTestNG.main(RemoteTestNG.java:77)
]]>
            </full-stacktrace>
          </exception> <!-- org.openqa.selenium.SessionNotCreatedException -->
          <reporter-output>
          </reporter-output>
        </test-method> <!-- ConfigureAppium -->
        <test-method signature="NotificationVal()[pri:0, instance:org.TST.NotificationValidation@45d84a20]" started-at="2023-04-24T12:17:10 IST" name="NotificationVal" finished-at="2023-04-24T12:17:10 IST" duration-ms="1" status="SKIP">
          <exception class="org.openqa.selenium.SessionNotCreatedException">
            <message>
              <![CDATA[Could not start a new session. Response code 500. Message: An unknown server-side error occurred while processing the command. Original error: Cannot start the 'com.instagram.android' application. Consider checking the driver's troubleshooting documentation. Original error: 'com.instagram.android.activity.MainTabActivity' or 'com.instagram.android.com.instagram.android.activity.MainTabActivity' never started. Consider checking the driver's troubleshooting documentation. 
Host info: host: 'DESKTOP-HHRJMA8', ip: '192.168.122.1'
Build info: version: '4.9.0', revision: 'd7057100a6'
System info: os.name: 'Windows 10', os.arch: 'amd64', os.version: '10.0', java.version: '11.0.17'
Driver info: io.appium.java_client.android.AndroidDriver
Command: [null, newSession {capabilities=[{appium:deviceName=AshishEmulator, platformName=ANDROID, appium:automationName=UIAutomator2, appium:app=C:\Users\Ashish Jha\eclipse-workspace\InstagramFrameworkDesign//src//test//java//resources//Instagram_278.0.0.21.117_Apkpure.apk}], desiredCapabilities=Capabilities {appium:app: C:\Users\Ashish Jha\eclipse..., appium:automationName: UIAutomator2, appium:deviceName: AshishEmulator, platformName: ANDROID}}]
Capabilities {appium:app: C:\Users\Ashish Jha\eclipse..., appium:automationName: UIAutomator2, appium:deviceName: AshishEmulator, platformName: ANDROID}]]>
            </message>
            <full-stacktrace>
              <![CDATA[org.openqa.selenium.SessionNotCreatedException: Could not start a new session. Response code 500. Message: An unknown server-side error occurred while processing the command. Original error: Cannot start the 'com.instagram.android' application. Consider checking the driver's troubleshooting documentation. Original error: 'com.instagram.android.activity.MainTabActivity' or 'com.instagram.android.com.instagram.android.activity.MainTabActivity' never started. Consider checking the driver's troubleshooting documentation. 
Host info: host: 'DESKTOP-HHRJMA8', ip: '192.168.122.1'
Build info: version: '4.9.0', revision: 'd7057100a6'
System info: os.name: 'Windows 10', os.arch: 'amd64', os.version: '10.0', java.version: '11.0.17'
Driver info: io.appium.java_client.android.AndroidDriver
Command: [null, newSession {capabilities=[{appium:deviceName=AshishEmulator, platformName=ANDROID, appium:automationName=UIAutomator2, appium:app=C:\Users\Ashish Jha\eclipse-workspace\InstagramFrameworkDesign//src//test//java//resources//Instagram_278.0.0.21.117_Apkpure.apk}], desiredCapabilities=Capabilities {appium:app: C:\Users\Ashish Jha\eclipse..., appium:automationName: UIAutomator2, appium:deviceName: AshishEmulator, platformName: ANDROID}}]
Capabilities {appium:app: C:\Users\Ashish Jha\eclipse..., appium:automationName: UIAutomator2, appium:deviceName: AshishEmulator, platformName: ANDROID}
at org.openqa.selenium.remote.ProtocolHandshake.createSession(ProtocolHandshake.java:136)
at java.base/jdk.internal.reflect.NativeMethodAccessorImpl.invoke0(Native Method)
at java.base/jdk.internal.reflect.NativeMethodAccessorImpl.invoke(NativeMethodAccessorImpl.java:62)
at java.base/jdk.internal.reflect.DelegatingMethodAccessorImpl.invoke(DelegatingMethodAccessorImpl.java:43)
at java.base/java.lang.reflect.Method.invoke(Method.java:566)
at io.appium.java_client.remote.AppiumProtocolHandshake.createSession(AppiumProtocolHandshake.java:133)
at io.appium.java_client.remote.AppiumProtocolHandshake.createSession(AppiumProtocolHandshake.java:102)
at io.appium.java_client.remote.AppiumCommandExecutor.createSession(AppiumCommandExecutor.java:194)
at io.appium.java_client.remote.AppiumCommandExecutor.execute(AppiumCommandExecutor.java:262)
at org.openqa.selenium.remote.RemoteWebDriver.execute(RemoteWebDriver.java:543)
at io.appium.java_client.AppiumDriver.startSession(AppiumDriver.java:229)
at org.openqa.selenium.remote.RemoteWebDriver.<init>(RemoteWebDriver.java:157)
at io.appium.java_client.AppiumDriver.<init>(AppiumDriver.java:80)
at io.appium.java_client.AppiumDriver.<init>(AppiumDriver.java:92)
at io.appium.java_client.android.AndroidDriver.<init>(AndroidDriver.java:117)
at org.TST.TestUtils.BaseTest.ConfigureAppium(BaseTest.java:51)
at java.base/jdk.internal.reflect.NativeMethodAccessorImpl.invoke0(Native Method)
at java.base/jdk.internal.reflect.NativeMethodAccessorImpl.invoke(NativeMethodAccessorImpl.java:62)
at java.base/jdk.internal.reflect.DelegatingMethodAccessorImpl.invoke(DelegatingMethodAccessorImpl.java:43)
at java.base/java.lang.reflect.Method.invoke(Method.java:566)
at org.testng.internal.invokers.MethodInvocationHelper.invokeMethod(MethodInvocationHelper.java:139)
at org.testng.internal.invokers.MethodInvocationHelper.invokeMethodConsideringTimeout(MethodInvocationHelper.java:69)
at org.testng.internal.invokers.ConfigInvoker.invokeConfigurationMethod(ConfigInvoker.java:361)
at org.testng.internal.invokers.ConfigInvoker.invokeConfigurations(ConfigInvoker.java:296)
at org.testng.internal.invokers.TestMethodWorker.invokeBeforeClassMethods(TestMethodWorker.java:180)
at org.testng.internal.invokers.TestMethodWorker.run(TestMethodWorker.java:122)
at java.base/java.util.ArrayList.forEach(ArrayList.java:1541)
at org.testng.TestRunner.privateRun(TestRunner.java:829)
at org.testng.TestRunner.run(TestRunner.java:602)
at org.testng.SuiteRunner.runTest(SuiteRunner.java:437)
at org.testng.SuiteRunner.runSequentially(SuiteRunner.java:431)
at org.testng.SuiteRunner.privateRun(SuiteRunner.java:391)
at org.testng.SuiteRunner.run(SuiteRunner.java:330)
at org.testng.SuiteRunnerWorker.runSuite(SuiteRunnerWorker.java:52)
at org.testng.SuiteRunnerWorker.run(SuiteRunnerWorker.java:95)
at org.testng.TestNG.runSuitesSequentially(TestNG.java:1256)
at org.testng.TestNG.runSuitesLocally(TestNG.java:1176)
at org.testng.TestNG.runSuites(TestNG.java:1099)
at org.testng.TestNG.run(TestNG.java:1067)
at org.testng.remote.AbstractRemoteTestNG.run(AbstractRemoteTestNG.java:115)
at org.testng.remote.RemoteTestNG.initAndRun(RemoteTestNG.java:251)
at org.testng.remote.RemoteTestNG.main(RemoteTestNG.java:77)
]]>
            </full-stacktrace>
          </exception> <!-- org.openqa.selenium.SessionNotCreatedException -->
          <reporter-output>
          </reporter-output>
        </test-method> <!-- NotificationVal -->
        <test-method is-config="true" signature="tearDown()[pri:0, instance:org.TST.NotificationValidation@45d84a20]" started-at="2023-04-24T12:17:10 IST" name="tearDown" finished-at="2023-04-24T12:17:10 IST" duration-ms="0" status="SKIP">
          <reporter-output>
          </reporter-output>
        </test-method> <!-- tearDown -->
      </class> <!-- org.TST.NotificationValidation -->
    </test> <!-- Default test -->
  </suite> <!-- Default suite -->
</testng-results>
