<?xml version="1.0" encoding="UTF-8"?>
<testng-results ignored="0" total="1" passed="1" failed="0" skipped="0">
  <reporter-output>
  </reporter-output>
  <suite started-at="2023-04-11T12:34:46 IST" name="Default suite" finished-at="2023-04-11T12:35:30 IST" duration-ms="44488">
    <groups>
    </groups>
    <test started-at="2023-04-11T12:34:46 IST" name="Default test" finished-at="2023-04-11T12:35:30 IST" duration-ms="44488">
      <class name="org.rahulshettyacademy.Assignment.Assignment_1">
        <test-method is-config="true" signature="ConfigureAppium()[pri:0, instance:org.rahulshettyacademy.Assignment.Assignment_1@614ca7df]" started-at="2023-04-11T12:34:46 IST" name="ConfigureAppium" finished-at="2023-04-11T12:35:15 IST" duration-ms="29446" status="PASS">
          <reporter-output>
          </reporter-output>
        </test-method> <!-- ConfigureAppium -->
        <test-method signature="alertClass()[pri:0, instance:org.rahulshettyacademy.Assignment.Assignment_1@614ca7df]" started-at="2023-04-11T12:35:15 IST" name="alertClass" finished-at="2023-04-11T12:35:30 IST" duration-ms="14319" status="PASS">
          <reporter-output>
          </reporter-output>
        </test-method> <!-- alertClass -->
        <test-method is-config="true" signature="tearDown()[pri:0, instance:org.rahulshettyacademy.Assignment.Assignment_1@614ca7df]" started-at="2023-04-11T12:35:30 IST" name="tearDown" finished-at="2023-04-11T12:35:30 IST" duration-ms="678" status="PASS">
          <reporter-output>
          </reporter-output>
        </test-method> <!-- tearDown -->
      </class> <!-- org.rahulshettyacademy.Assignment.Assignment_1 -->
    </test> <!-- Default test -->
  </suite> <!-- Default suite -->
</testng-results>
