<?xml version="1.0" encoding="UTF-8"?>
<testng-results ignored="0" total="3" passed="0" failed="0" skipped="3">
  <reporter-output>
  </reporter-output>
  <suite started-at="2023-04-17T20:54:41 IST" name="Suite" finished-at="2023-04-17T20:54:54 IST" duration-ms="12287">
    <groups>
    </groups>
    <test started-at="2023-04-17T20:54:41 IST" name="End to end framework test" finished-at="2023-04-17T20:54:53 IST" duration-ms="11813">
      <class name="org.rahulshettyacademy.eCommerce_tc_3_Hybrid">
        <test-method is-config="true" signature="ConfigureAppium()[pri:0, instance:org.rahulshettyacademy.eCommerce_tc_3_Hybrid@6ad3381f]" started-at="2023-04-17T20:54:41 IST" name="ConfigureAppium" finished-at="2023-04-17T20:54:53 IST" duration-ms="11741" status="FAIL">
          <exception class="org.openqa.selenium.SessionNotCreatedException">
            <message>
              <![CDATA[Could not start a new session. Response code 500. Message: An unknown server-side error occurred while processing the command. Original error: Could not find a driver for automationName 'UIAutomator2' and platformName 'android'. Have you installed a driver that supports those capabilities? Run 'appium driver list --installed' to see. (Lower-level error: Could not find installed driver to support given caps) 
Host info: host: 'DESKTOP-HHRJMA8', ip: '192.168.14.1'
Build info: version: '4.8.3', revision: 'e5e76298c3'
System info: os.name: 'Windows 10', os.arch: 'amd64', os.version: '10.0', java.version: '11.0.17'
Driver info: io.appium.java_client.android.AndroidDriver
Command: [null, newSession {capabilities=[{appium:deviceName=AshishEmulator, platformName=ANDROID, appium:automationName=UIAutomator2, appium:app=C:\Users\Ashish Jha\eclipse-workspace\AppiumFrameworkDesign1//src//test//java//resources//General-Store.apk}], desiredCapabilities=Capabilities {appium:app: C:\Users\Ashish Jha\eclipse..., appium:automationName: UIAutomator2, appium:deviceName: AshishEmulator, platformName: ANDROID}}]
Capabilities {appium:app: C:\Users\Ashish Jha\eclipse..., appium:automationName: UIAutomator2, appium:deviceName: AshishEmulator, platformName: ANDROID}]]>
            </message>
            <full-stacktrace>
              <![CDATA[org.openqa.selenium.SessionNotCreatedException: Could not start a new session. Response code 500. Message: An unknown server-side error occurred while processing the command. Original error: Could not find a driver for automationName 'UIAutomator2' and platformName 'android'. Have you installed a driver that supports those capabilities? Run 'appium driver list --installed' to see. (Lower-level error: Could not find installed driver to support given caps) 
Host info: host: 'DESKTOP-HHRJMA8', ip: '192.168.14.1'
Build info: version: '4.8.3', revision: 'e5e76298c3'
System info: os.name: 'Windows 10', os.arch: 'amd64', os.version: '10.0', java.version: '11.0.17'
Driver info: io.appium.java_client.android.AndroidDriver
Command: [null, newSession {capabilities=[{appium:deviceName=AshishEmulator, platformName=ANDROID, appium:automationName=UIAutomator2, appium:app=C:\Users\Ashish Jha\eclipse-workspace\AppiumFrameworkDesign1//src//test//java//resources//General-Store.apk}], desiredCapabilities=Capabilities {appium:app: C:\Users\Ashish Jha\eclipse..., appium:automationName: UIAutomator2, appium:deviceName: AshishEmulator, platformName: ANDROID}}]
Capabilities {appium:app: C:\Users\Ashish Jha\eclipse..., appium:automationName: UIAutomator2, appium:deviceName: AshishEmulator, platformName: ANDROID}
at org.openqa.selenium.remote.ProtocolHandshake.createSession(ProtocolHandshake.java:148)
at java.base/jdk.internal.reflect.NativeMethodAccessorImpl.invoke0(Native Method)
at java.base/jdk.internal.reflect.NativeMethodAccessorImpl.invoke(NativeMethodAccessorImpl.java:62)
at java.base/jdk.internal.reflect.DelegatingMethodAccessorImpl.invoke(DelegatingMethodAccessorImpl.java:43)
at java.base/java.lang.reflect.Method.invoke(Method.java:566)
at io.appium.java_client.remote.AppiumProtocolHandshake.createSession(AppiumProtocolHandshake.java:133)
at io.appium.java_client.remote.AppiumProtocolHandshake.createSession(AppiumProtocolHandshake.java:102)
at io.appium.java_client.remote.AppiumCommandExecutor.createSession(AppiumCommandExecutor.java:194)
at io.appium.java_client.remote.AppiumCommandExecutor.execute(AppiumCommandExecutor.java:262)
at org.openqa.selenium.remote.RemoteWebDriver.execute(RemoteWebDriver.java:543)
at io.appium.java_client.AppiumDriver.startSession(AppiumDriver.java:229)
at org.openqa.selenium.remote.RemoteWebDriver.<init>(RemoteWebDriver.java:157)
at io.appium.java_client.AppiumDriver.<init>(AppiumDriver.java:80)
at io.appium.java_client.AppiumDriver.<init>(AppiumDriver.java:92)
at io.appium.java_client.android.AndroidDriver.<init>(AndroidDriver.java:117)
at org.rahulshettyacademy.TestUtils.BaseTest.ConfigureAppium(BaseTest.java:50)
at java.base/jdk.internal.reflect.NativeMethodAccessorImpl.invoke0(Native Method)
at java.base/jdk.internal.reflect.NativeMethodAccessorImpl.invoke(NativeMethodAccessorImpl.java:62)
at java.base/jdk.internal.reflect.DelegatingMethodAccessorImpl.invoke(DelegatingMethodAccessorImpl.java:43)
at java.base/java.lang.reflect.Method.invoke(Method.java:566)
at org.testng.internal.invokers.MethodInvocationHelper.invokeMethod(MethodInvocationHelper.java:139)
at org.testng.internal.invokers.MethodInvocationHelper.invokeMethodConsideringTimeout(MethodInvocationHelper.java:69)
at org.testng.internal.invokers.ConfigInvoker.invokeConfigurationMethod(ConfigInvoker.java:361)
at org.testng.internal.invokers.ConfigInvoker.invokeConfigurations(ConfigInvoker.java:296)
at org.testng.internal.invokers.TestMethodWorker.invokeBeforeClassMethods(TestMethodWorker.java:180)
at org.testng.internal.invokers.TestMethodWorker.run(TestMethodWorker.java:122)
at java.base/java.util.ArrayList.forEach(ArrayList.java:1541)
at org.testng.TestRunner.privateRun(TestRunner.java:829)
at org.testng.TestRunner.run(TestRunner.java:602)
at org.testng.SuiteRunner.runTest(SuiteRunner.java:437)
at org.testng.SuiteRunner.runSequentially(SuiteRunner.java:431)
at org.testng.SuiteRunner.privateRun(SuiteRunner.java:391)
at org.testng.SuiteRunner.run(SuiteRunner.java:330)
at org.testng.SuiteRunnerWorker.runSuite(SuiteRunnerWorker.java:52)
at org.testng.SuiteRunnerWorker.run(SuiteRunnerWorker.java:95)
at org.testng.TestNG.runSuitesSequentially(TestNG.java:1256)
at org.testng.TestNG.runSuitesLocally(TestNG.java:1176)
at org.testng.TestNG.runSuites(TestNG.java:1099)
at org.testng.TestNG.run(TestNG.java:1067)
at org.testng.remote.AbstractRemoteTestNG.run(AbstractRemoteTestNG.java:115)
at org.testng.remote.RemoteTestNG.initAndRun(RemoteTestNG.java:251)
at org.testng.remote.RemoteTestNG.main(RemoteTestNG.java:77)
]]>
            </full-stacktrace>
          </exception> <!-- org.openqa.selenium.SessionNotCreatedException -->
          <reporter-output>
          </reporter-output>
        </test-method> <!-- ConfigureAppium -->
        <test-method signature="FillForm(java.lang.String,java.lang.String,java.lang.String)[pri:0, instance:org.rahulshettyacademy.eCommerce_tc_3_Hybrid@6ad3381f]" started-at="2023-04-17T20:54:53 IST" name="FillForm" data-provider="getData" finished-at="2023-04-17T20:54:53 IST" duration-ms="0" status="SKIP">
          <params>
            <param index="0">
              <value>
                <![CDATA[Ashish Jha]]>
              </value>
            </param>
            <param index="1">
              <value>
                <![CDATA[female]]>
              </value>
            </param>
            <param index="2">
              <value>
                <![CDATA[Argentina]]>
              </value>
            </param>
          </params>
          <exception class="org.openqa.selenium.SessionNotCreatedException">
            <message>
              <![CDATA[Could not start a new session. Response code 500. Message: An unknown server-side error occurred while processing the command. Original error: Could not find a driver for automationName 'UIAutomator2' and platformName 'android'. Have you installed a driver that supports those capabilities? Run 'appium driver list --installed' to see. (Lower-level error: Could not find installed driver to support given caps) 
Host info: host: 'DESKTOP-HHRJMA8', ip: '192.168.14.1'
Build info: version: '4.8.3', revision: 'e5e76298c3'
System info: os.name: 'Windows 10', os.arch: 'amd64', os.version: '10.0', java.version: '11.0.17'
Driver info: io.appium.java_client.android.AndroidDriver
Command: [null, newSession {capabilities=[{appium:deviceName=AshishEmulator, platformName=ANDROID, appium:automationName=UIAutomator2, appium:app=C:\Users\Ashish Jha\eclipse-workspace\AppiumFrameworkDesign1//src//test//java//resources//General-Store.apk}], desiredCapabilities=Capabilities {appium:app: C:\Users\Ashish Jha\eclipse..., appium:automationName: UIAutomator2, appium:deviceName: AshishEmulator, platformName: ANDROID}}]
Capabilities {appium:app: C:\Users\Ashish Jha\eclipse..., appium:automationName: UIAutomator2, appium:deviceName: AshishEmulator, platformName: ANDROID}]]>
            </message>
            <full-stacktrace>
              <![CDATA[org.openqa.selenium.SessionNotCreatedException: Could not start a new session. Response code 500. Message: An unknown server-side error occurred while processing the command. Original error: Could not find a driver for automationName 'UIAutomator2' and platformName 'android'. Have you installed a driver that supports those capabilities? Run 'appium driver list --installed' to see. (Lower-level error: Could not find installed driver to support given caps) 
Host info: host: 'DESKTOP-HHRJMA8', ip: '192.168.14.1'
Build info: version: '4.8.3', revision: 'e5e76298c3'
System info: os.name: 'Windows 10', os.arch: 'amd64', os.version: '10.0', java.version: '11.0.17'
Driver info: io.appium.java_client.android.AndroidDriver
Command: [null, newSession {capabilities=[{appium:deviceName=AshishEmulator, platformName=ANDROID, appium:automationName=UIAutomator2, appium:app=C:\Users\Ashish Jha\eclipse-workspace\AppiumFrameworkDesign1//src//test//java//resources//General-Store.apk}], desiredCapabilities=Capabilities {appium:app: C:\Users\Ashish Jha\eclipse..., appium:automationName: UIAutomator2, appium:deviceName: AshishEmulator, platformName: ANDROID}}]
Capabilities {appium:app: C:\Users\Ashish Jha\eclipse..., appium:automationName: UIAutomator2, appium:deviceName: AshishEmulator, platformName: ANDROID}
at org.openqa.selenium.remote.ProtocolHandshake.createSession(ProtocolHandshake.java:148)
at java.base/jdk.internal.reflect.NativeMethodAccessorImpl.invoke0(Native Method)
at java.base/jdk.internal.reflect.NativeMethodAccessorImpl.invoke(NativeMethodAccessorImpl.java:62)
at java.base/jdk.internal.reflect.DelegatingMethodAccessorImpl.invoke(DelegatingMethodAccessorImpl.java:43)
at java.base/java.lang.reflect.Method.invoke(Method.java:566)
at io.appium.java_client.remote.AppiumProtocolHandshake.createSession(AppiumProtocolHandshake.java:133)
at io.appium.java_client.remote.AppiumProtocolHandshake.createSession(AppiumProtocolHandshake.java:102)
at io.appium.java_client.remote.AppiumCommandExecutor.createSession(AppiumCommandExecutor.java:194)
at io.appium.java_client.remote.AppiumCommandExecutor.execute(AppiumCommandExecutor.java:262)
at org.openqa.selenium.remote.RemoteWebDriver.execute(RemoteWebDriver.java:543)
at io.appium.java_client.AppiumDriver.startSession(AppiumDriver.java:229)
at org.openqa.selenium.remote.RemoteWebDriver.<init>(RemoteWebDriver.java:157)
at io.appium.java_client.AppiumDriver.<init>(AppiumDriver.java:80)
at io.appium.java_client.AppiumDriver.<init>(AppiumDriver.java:92)
at io.appium.java_client.android.AndroidDriver.<init>(AndroidDriver.java:117)
at org.rahulshettyacademy.TestUtils.BaseTest.ConfigureAppium(BaseTest.java:50)
at java.base/jdk.internal.reflect.NativeMethodAccessorImpl.invoke0(Native Method)
at java.base/jdk.internal.reflect.NativeMethodAccessorImpl.invoke(NativeMethodAccessorImpl.java:62)
at java.base/jdk.internal.reflect.DelegatingMethodAccessorImpl.invoke(DelegatingMethodAccessorImpl.java:43)
at java.base/java.lang.reflect.Method.invoke(Method.java:566)
at org.testng.internal.invokers.MethodInvocationHelper.invokeMethod(MethodInvocationHelper.java:139)
at org.testng.internal.invokers.MethodInvocationHelper.invokeMethodConsideringTimeout(MethodInvocationHelper.java:69)
at org.testng.internal.invokers.ConfigInvoker.invokeConfigurationMethod(ConfigInvoker.java:361)
at org.testng.internal.invokers.ConfigInvoker.invokeConfigurations(ConfigInvoker.java:296)
at org.testng.internal.invokers.TestMethodWorker.invokeBeforeClassMethods(TestMethodWorker.java:180)
at org.testng.internal.invokers.TestMethodWorker.run(TestMethodWorker.java:122)
at java.base/java.util.ArrayList.forEach(ArrayList.java:1541)
at org.testng.TestRunner.privateRun(TestRunner.java:829)
at org.testng.TestRunner.run(TestRunner.java:602)
at org.testng.SuiteRunner.runTest(SuiteRunner.java:437)
at org.testng.SuiteRunner.runSequentially(SuiteRunner.java:431)
at org.testng.SuiteRunner.privateRun(SuiteRunner.java:391)
at org.testng.SuiteRunner.run(SuiteRunner.java:330)
at org.testng.SuiteRunnerWorker.runSuite(SuiteRunnerWorker.java:52)
at org.testng.SuiteRunnerWorker.run(SuiteRunnerWorker.java:95)
at org.testng.TestNG.runSuitesSequentially(TestNG.java:1256)
at org.testng.TestNG.runSuitesLocally(TestNG.java:1176)
at org.testng.TestNG.runSuites(TestNG.java:1099)
at org.testng.TestNG.run(TestNG.java:1067)
at org.testng.remote.AbstractRemoteTestNG.run(AbstractRemoteTestNG.java:115)
at org.testng.remote.RemoteTestNG.initAndRun(RemoteTestNG.java:251)
at org.testng.remote.RemoteTestNG.main(RemoteTestNG.java:77)
]]>
            </full-stacktrace>
          </exception> <!-- org.openqa.selenium.SessionNotCreatedException -->
          <reporter-output>
          </reporter-output>
        </test-method> <!-- FillForm -->
        <test-method is-config="true" signature="tearDown()[pri:0, instance:org.rahulshettyacademy.eCommerce_tc_3_Hybrid@6ad3381f]" started-at="2023-04-17T20:54:53 IST" name="tearDown" finished-at="2023-04-17T20:54:53 IST" duration-ms="0" status="SKIP">
          <reporter-output>
          </reporter-output>
        </test-method> <!-- tearDown -->
      </class> <!-- org.rahulshettyacademy.eCommerce_tc_3_Hybrid -->
    </test> <!-- End to end framework test -->
    <test started-at="2023-04-17T20:54:53 IST" name="error validation Test" finished-at="2023-04-17T20:54:54 IST" duration-ms="59">
      <class name="org.rahulshettyacademy.eCommerce_tc_1">
        <test-method is-config="true" signature="ConfigureAppium()[pri:0, instance:org.rahulshettyacademy.eCommerce_tc_1@e54303]" started-at="2023-04-17T20:54:53 IST" name="ConfigureAppium" finished-at="2023-04-17T20:54:53 IST" duration-ms="37" status="FAIL">
          <exception class="org.openqa.selenium.SessionNotCreatedException">
            <message>
              <![CDATA[Could not start a new session. Response code 500. Message: An unknown server-side error occurred while processing the command. Original error: Could not find a driver for automationName 'UIAutomator2' and platformName 'android'. Have you installed a driver that supports those capabilities? Run 'appium driver list --installed' to see. (Lower-level error: Could not find installed driver to support given caps) 
Host info: host: 'DESKTOP-HHRJMA8', ip: '192.168.14.1'
Build info: version: '4.8.3', revision: 'e5e76298c3'
System info: os.name: 'Windows 10', os.arch: 'amd64', os.version: '10.0', java.version: '11.0.17'
Driver info: io.appium.java_client.android.AndroidDriver
Command: [null, newSession {capabilities=[{appium:deviceName=AshishEmulator, platformName=ANDROID, appium:automationName=UIAutomator2, appium:app=C:\Users\Ashish Jha\eclipse-workspace\AppiumFrameworkDesign1//src//test//java//resources//General-Store.apk}], desiredCapabilities=Capabilities {appium:app: C:\Users\Ashish Jha\eclipse..., appium:automationName: UIAutomator2, appium:deviceName: AshishEmulator, platformName: ANDROID}}]
Capabilities {appium:app: C:\Users\Ashish Jha\eclipse..., appium:automationName: UIAutomator2, appium:deviceName: AshishEmulator, platformName: ANDROID}]]>
            </message>
            <full-stacktrace>
              <![CDATA[org.openqa.selenium.SessionNotCreatedException: Could not start a new session. Response code 500. Message: An unknown server-side error occurred while processing the command. Original error: Could not find a driver for automationName 'UIAutomator2' and platformName 'android'. Have you installed a driver that supports those capabilities? Run 'appium driver list --installed' to see. (Lower-level error: Could not find installed driver to support given caps) 
Host info: host: 'DESKTOP-HHRJMA8', ip: '192.168.14.1'
Build info: version: '4.8.3', revision: 'e5e76298c3'
System info: os.name: 'Windows 10', os.arch: 'amd64', os.version: '10.0', java.version: '11.0.17'
Driver info: io.appium.java_client.android.AndroidDriver
Command: [null, newSession {capabilities=[{appium:deviceName=AshishEmulator, platformName=ANDROID, appium:automationName=UIAutomator2, appium:app=C:\Users\Ashish Jha\eclipse-workspace\AppiumFrameworkDesign1//src//test//java//resources//General-Store.apk}], desiredCapabilities=Capabilities {appium:app: C:\Users\Ashish Jha\eclipse..., appium:automationName: UIAutomator2, appium:deviceName: AshishEmulator, platformName: ANDROID}}]
Capabilities {appium:app: C:\Users\Ashish Jha\eclipse..., appium:automationName: UIAutomator2, appium:deviceName: AshishEmulator, platformName: ANDROID}
at org.openqa.selenium.remote.ProtocolHandshake.createSession(ProtocolHandshake.java:148)
at java.base/jdk.internal.reflect.NativeMethodAccessorImpl.invoke0(Native Method)
at java.base/jdk.internal.reflect.NativeMethodAccessorImpl.invoke(NativeMethodAccessorImpl.java:62)
at java.base/jdk.internal.reflect.DelegatingMethodAccessorImpl.invoke(DelegatingMethodAccessorImpl.java:43)
at java.base/java.lang.reflect.Method.invoke(Method.java:566)
at io.appium.java_client.remote.AppiumProtocolHandshake.createSession(AppiumProtocolHandshake.java:133)
at io.appium.java_client.remote.AppiumProtocolHandshake.createSession(AppiumProtocolHandshake.java:102)
at io.appium.java_client.remote.AppiumCommandExecutor.createSession(AppiumCommandExecutor.java:194)
at io.appium.java_client.remote.AppiumCommandExecutor.execute(AppiumCommandExecutor.java:262)
at org.openqa.selenium.remote.RemoteWebDriver.execute(RemoteWebDriver.java:543)
at io.appium.java_client.AppiumDriver.startSession(AppiumDriver.java:229)
at org.openqa.selenium.remote.RemoteWebDriver.<init>(RemoteWebDriver.java:157)
at io.appium.java_client.AppiumDriver.<init>(AppiumDriver.java:80)
at io.appium.java_client.AppiumDriver.<init>(AppiumDriver.java:92)
at io.appium.java_client.android.AndroidDriver.<init>(AndroidDriver.java:117)
at org.rahulshettyacademy.TestUtils.BaseTest.ConfigureAppium(BaseTest.java:50)
at java.base/jdk.internal.reflect.NativeMethodAccessorImpl.invoke0(Native Method)
at java.base/jdk.internal.reflect.NativeMethodAccessorImpl.invoke(NativeMethodAccessorImpl.java:62)
at java.base/jdk.internal.reflect.DelegatingMethodAccessorImpl.invoke(DelegatingMethodAccessorImpl.java:43)
at java.base/java.lang.reflect.Method.invoke(Method.java:566)
at org.testng.internal.invokers.MethodInvocationHelper.invokeMethod(MethodInvocationHelper.java:139)
at org.testng.internal.invokers.MethodInvocationHelper.invokeMethodConsideringTimeout(MethodInvocationHelper.java:69)
at org.testng.internal.invokers.ConfigInvoker.invokeConfigurationMethod(ConfigInvoker.java:361)
at org.testng.internal.invokers.ConfigInvoker.invokeConfigurations(ConfigInvoker.java:296)
at org.testng.internal.invokers.TestMethodWorker.invokeBeforeClassMethods(TestMethodWorker.java:180)
at org.testng.internal.invokers.TestMethodWorker.run(TestMethodWorker.java:122)
at java.base/java.util.ArrayList.forEach(ArrayList.java:1541)
at org.testng.TestRunner.privateRun(TestRunner.java:829)
at org.testng.TestRunner.run(TestRunner.java:602)
at org.testng.SuiteRunner.runTest(SuiteRunner.java:437)
at org.testng.SuiteRunner.runSequentially(SuiteRunner.java:431)
at org.testng.SuiteRunner.privateRun(SuiteRunner.java:391)
at org.testng.SuiteRunner.run(SuiteRunner.java:330)
at org.testng.SuiteRunnerWorker.runSuite(SuiteRunnerWorker.java:52)
at org.testng.SuiteRunnerWorker.run(SuiteRunnerWorker.java:95)
at org.testng.TestNG.runSuitesSequentially(TestNG.java:1256)
at org.testng.TestNG.runSuitesLocally(TestNG.java:1176)
at org.testng.TestNG.runSuites(TestNG.java:1099)
at org.testng.TestNG.run(TestNG.java:1067)
at org.testng.remote.AbstractRemoteTestNG.run(AbstractRemoteTestNG.java:115)
at org.testng.remote.RemoteTestNG.initAndRun(RemoteTestNG.java:251)
at org.testng.remote.RemoteTestNG.main(RemoteTestNG.java:77)
]]>
            </full-stacktrace>
          </exception> <!-- org.openqa.selenium.SessionNotCreatedException -->
          <reporter-output>
          </reporter-output>
        </test-method> <!-- ConfigureAppium -->
        <test-method signature="FillForm_ErrorValidation()[pri:0, instance:org.rahulshettyacademy.eCommerce_tc_1@e54303]" started-at="2023-04-17T20:54:54 IST" name="FillForm_ErrorValidation" finished-at="2023-04-17T20:54:54 IST" duration-ms="0" status="SKIP">
          <exception class="org.openqa.selenium.SessionNotCreatedException">
            <message>
              <![CDATA[Could not start a new session. Response code 500. Message: An unknown server-side error occurred while processing the command. Original error: Could not find a driver for automationName 'UIAutomator2' and platformName 'android'. Have you installed a driver that supports those capabilities? Run 'appium driver list --installed' to see. (Lower-level error: Could not find installed driver to support given caps) 
Host info: host: 'DESKTOP-HHRJMA8', ip: '192.168.14.1'
Build info: version: '4.8.3', revision: 'e5e76298c3'
System info: os.name: 'Windows 10', os.arch: 'amd64', os.version: '10.0', java.version: '11.0.17'
Driver info: io.appium.java_client.android.AndroidDriver
Command: [null, newSession {capabilities=[{appium:deviceName=AshishEmulator, platformName=ANDROID, appium:automationName=UIAutomator2, appium:app=C:\Users\Ashish Jha\eclipse-workspace\AppiumFrameworkDesign1//src//test//java//resources//General-Store.apk}], desiredCapabilities=Capabilities {appium:app: C:\Users\Ashish Jha\eclipse..., appium:automationName: UIAutomator2, appium:deviceName: AshishEmulator, platformName: ANDROID}}]
Capabilities {appium:app: C:\Users\Ashish Jha\eclipse..., appium:automationName: UIAutomator2, appium:deviceName: AshishEmulator, platformName: ANDROID}]]>
            </message>
            <full-stacktrace>
              <![CDATA[org.openqa.selenium.SessionNotCreatedException: Could not start a new session. Response code 500. Message: An unknown server-side error occurred while processing the command. Original error: Could not find a driver for automationName 'UIAutomator2' and platformName 'android'. Have you installed a driver that supports those capabilities? Run 'appium driver list --installed' to see. (Lower-level error: Could not find installed driver to support given caps) 
Host info: host: 'DESKTOP-HHRJMA8', ip: '192.168.14.1'
Build info: version: '4.8.3', revision: 'e5e76298c3'
System info: os.name: 'Windows 10', os.arch: 'amd64', os.version: '10.0', java.version: '11.0.17'
Driver info: io.appium.java_client.android.AndroidDriver
Command: [null, newSession {capabilities=[{appium:deviceName=AshishEmulator, platformName=ANDROID, appium:automationName=UIAutomator2, appium:app=C:\Users\Ashish Jha\eclipse-workspace\AppiumFrameworkDesign1//src//test//java//resources//General-Store.apk}], desiredCapabilities=Capabilities {appium:app: C:\Users\Ashish Jha\eclipse..., appium:automationName: UIAutomator2, appium:deviceName: AshishEmulator, platformName: ANDROID}}]
Capabilities {appium:app: C:\Users\Ashish Jha\eclipse..., appium:automationName: UIAutomator2, appium:deviceName: AshishEmulator, platformName: ANDROID}
at org.openqa.selenium.remote.ProtocolHandshake.createSession(ProtocolHandshake.java:148)
at java.base/jdk.internal.reflect.NativeMethodAccessorImpl.invoke0(Native Method)
at java.base/jdk.internal.reflect.NativeMethodAccessorImpl.invoke(NativeMethodAccessorImpl.java:62)
at java.base/jdk.internal.reflect.DelegatingMethodAccessorImpl.invoke(DelegatingMethodAccessorImpl.java:43)
at java.base/java.lang.reflect.Method.invoke(Method.java:566)
at io.appium.java_client.remote.AppiumProtocolHandshake.createSession(AppiumProtocolHandshake.java:133)
at io.appium.java_client.remote.AppiumProtocolHandshake.createSession(AppiumProtocolHandshake.java:102)
at io.appium.java_client.remote.AppiumCommandExecutor.createSession(AppiumCommandExecutor.java:194)
at io.appium.java_client.remote.AppiumCommandExecutor.execute(AppiumCommandExecutor.java:262)
at org.openqa.selenium.remote.RemoteWebDriver.execute(RemoteWebDriver.java:543)
at io.appium.java_client.AppiumDriver.startSession(AppiumDriver.java:229)
at org.openqa.selenium.remote.RemoteWebDriver.<init>(RemoteWebDriver.java:157)
at io.appium.java_client.AppiumDriver.<init>(AppiumDriver.java:80)
at io.appium.java_client.AppiumDriver.<init>(AppiumDriver.java:92)
at io.appium.java_client.android.AndroidDriver.<init>(AndroidDriver.java:117)
at org.rahulshettyacademy.TestUtils.BaseTest.ConfigureAppium(BaseTest.java:50)
at java.base/jdk.internal.reflect.NativeMethodAccessorImpl.invoke0(Native Method)
at java.base/jdk.internal.reflect.NativeMethodAccessorImpl.invoke(NativeMethodAccessorImpl.java:62)
at java.base/jdk.internal.reflect.DelegatingMethodAccessorImpl.invoke(DelegatingMethodAccessorImpl.java:43)
at java.base/java.lang.reflect.Method.invoke(Method.java:566)
at org.testng.internal.invokers.MethodInvocationHelper.invokeMethod(MethodInvocationHelper.java:139)
at org.testng.internal.invokers.MethodInvocationHelper.invokeMethodConsideringTimeout(MethodInvocationHelper.java:69)
at org.testng.internal.invokers.ConfigInvoker.invokeConfigurationMethod(ConfigInvoker.java:361)
at org.testng.internal.invokers.ConfigInvoker.invokeConfigurations(ConfigInvoker.java:296)
at org.testng.internal.invokers.TestMethodWorker.invokeBeforeClassMethods(TestMethodWorker.java:180)
at org.testng.internal.invokers.TestMethodWorker.run(TestMethodWorker.java:122)
at java.base/java.util.ArrayList.forEach(ArrayList.java:1541)
at org.testng.TestRunner.privateRun(TestRunner.java:829)
at org.testng.TestRunner.run(TestRunner.java:602)
at org.testng.SuiteRunner.runTest(SuiteRunner.java:437)
at org.testng.SuiteRunner.runSequentially(SuiteRunner.java:431)
at org.testng.SuiteRunner.privateRun(SuiteRunner.java:391)
at org.testng.SuiteRunner.run(SuiteRunner.java:330)
at org.testng.SuiteRunnerWorker.runSuite(SuiteRunnerWorker.java:52)
at org.testng.SuiteRunnerWorker.run(SuiteRunnerWorker.java:95)
at org.testng.TestNG.runSuitesSequentially(TestNG.java:1256)
at org.testng.TestNG.runSuitesLocally(TestNG.java:1176)
at org.testng.TestNG.runSuites(TestNG.java:1099)
at org.testng.TestNG.run(TestNG.java:1067)
at org.testng.remote.AbstractRemoteTestNG.run(AbstractRemoteTestNG.java:115)
at org.testng.remote.RemoteTestNG.initAndRun(RemoteTestNG.java:251)
at org.testng.remote.RemoteTestNG.main(RemoteTestNG.java:77)
]]>
            </full-stacktrace>
          </exception> <!-- org.openqa.selenium.SessionNotCreatedException -->
          <reporter-output>
          </reporter-output>
        </test-method> <!-- FillForm_ErrorValidation -->
        <test-method signature="FillForm_positiveFlow()[pri:0, instance:org.rahulshettyacademy.eCommerce_tc_1@e54303]" started-at="2023-04-17T20:54:54 IST" name="FillForm_positiveFlow" finished-at="2023-04-17T20:54:54 IST" duration-ms="0" status="SKIP">
          <exception class="org.openqa.selenium.SessionNotCreatedException">
            <message>
              <![CDATA[Could not start a new session. Response code 500. Message: An unknown server-side error occurred while processing the command. Original error: Could not find a driver for automationName 'UIAutomator2' and platformName 'android'. Have you installed a driver that supports those capabilities? Run 'appium driver list --installed' to see. (Lower-level error: Could not find installed driver to support given caps) 
Host info: host: 'DESKTOP-HHRJMA8', ip: '192.168.14.1'
Build info: version: '4.8.3', revision: 'e5e76298c3'
System info: os.name: 'Windows 10', os.arch: 'amd64', os.version: '10.0', java.version: '11.0.17'
Driver info: io.appium.java_client.android.AndroidDriver
Command: [null, newSession {capabilities=[{appium:deviceName=AshishEmulator, platformName=ANDROID, appium:automationName=UIAutomator2, appium:app=C:\Users\Ashish Jha\eclipse-workspace\AppiumFrameworkDesign1//src//test//java//resources//General-Store.apk}], desiredCapabilities=Capabilities {appium:app: C:\Users\Ashish Jha\eclipse..., appium:automationName: UIAutomator2, appium:deviceName: AshishEmulator, platformName: ANDROID}}]
Capabilities {appium:app: C:\Users\Ashish Jha\eclipse..., appium:automationName: UIAutomator2, appium:deviceName: AshishEmulator, platformName: ANDROID}]]>
            </message>
            <full-stacktrace>
              <![CDATA[org.openqa.selenium.SessionNotCreatedException: Could not start a new session. Response code 500. Message: An unknown server-side error occurred while processing the command. Original error: Could not find a driver for automationName 'UIAutomator2' and platformName 'android'. Have you installed a driver that supports those capabilities? Run 'appium driver list --installed' to see. (Lower-level error: Could not find installed driver to support given caps) 
Host info: host: 'DESKTOP-HHRJMA8', ip: '192.168.14.1'
Build info: version: '4.8.3', revision: 'e5e76298c3'
System info: os.name: 'Windows 10', os.arch: 'amd64', os.version: '10.0', java.version: '11.0.17'
Driver info: io.appium.java_client.android.AndroidDriver
Command: [null, newSession {capabilities=[{appium:deviceName=AshishEmulator, platformName=ANDROID, appium:automationName=UIAutomator2, appium:app=C:\Users\Ashish Jha\eclipse-workspace\AppiumFrameworkDesign1//src//test//java//resources//General-Store.apk}], desiredCapabilities=Capabilities {appium:app: C:\Users\Ashish Jha\eclipse..., appium:automationName: UIAutomator2, appium:deviceName: AshishEmulator, platformName: ANDROID}}]
Capabilities {appium:app: C:\Users\Ashish Jha\eclipse..., appium:automationName: UIAutomator2, appium:deviceName: AshishEmulator, platformName: ANDROID}
at org.openqa.selenium.remote.ProtocolHandshake.createSession(ProtocolHandshake.java:148)
at java.base/jdk.internal.reflect.NativeMethodAccessorImpl.invoke0(Native Method)
at java.base/jdk.internal.reflect.NativeMethodAccessorImpl.invoke(NativeMethodAccessorImpl.java:62)
at java.base/jdk.internal.reflect.DelegatingMethodAccessorImpl.invoke(DelegatingMethodAccessorImpl.java:43)
at java.base/java.lang.reflect.Method.invoke(Method.java:566)
at io.appium.java_client.remote.AppiumProtocolHandshake.createSession(AppiumProtocolHandshake.java:133)
at io.appium.java_client.remote.AppiumProtocolHandshake.createSession(AppiumProtocolHandshake.java:102)
at io.appium.java_client.remote.AppiumCommandExecutor.createSession(AppiumCommandExecutor.java:194)
at io.appium.java_client.remote.AppiumCommandExecutor.execute(AppiumCommandExecutor.java:262)
at org.openqa.selenium.remote.RemoteWebDriver.execute(RemoteWebDriver.java:543)
at io.appium.java_client.AppiumDriver.startSession(AppiumDriver.java:229)
at org.openqa.selenium.remote.RemoteWebDriver.<init>(RemoteWebDriver.java:157)
at io.appium.java_client.AppiumDriver.<init>(AppiumDriver.java:80)
at io.appium.java_client.AppiumDriver.<init>(AppiumDriver.java:92)
at io.appium.java_client.android.AndroidDriver.<init>(AndroidDriver.java:117)
at org.rahulshettyacademy.TestUtils.BaseTest.ConfigureAppium(BaseTest.java:50)
at java.base/jdk.internal.reflect.NativeMethodAccessorImpl.invoke0(Native Method)
at java.base/jdk.internal.reflect.NativeMethodAccessorImpl.invoke(NativeMethodAccessorImpl.java:62)
at java.base/jdk.internal.reflect.DelegatingMethodAccessorImpl.invoke(DelegatingMethodAccessorImpl.java:43)
at java.base/java.lang.reflect.Method.invoke(Method.java:566)
at org.testng.internal.invokers.MethodInvocationHelper.invokeMethod(MethodInvocationHelper.java:139)
at org.testng.internal.invokers.MethodInvocationHelper.invokeMethodConsideringTimeout(MethodInvocationHelper.java:69)
at org.testng.internal.invokers.ConfigInvoker.invokeConfigurationMethod(ConfigInvoker.java:361)
at org.testng.internal.invokers.ConfigInvoker.invokeConfigurations(ConfigInvoker.java:296)
at org.testng.internal.invokers.TestMethodWorker.invokeBeforeClassMethods(TestMethodWorker.java:180)
at org.testng.internal.invokers.TestMethodWorker.run(TestMethodWorker.java:122)
at java.base/java.util.ArrayList.forEach(ArrayList.java:1541)
at org.testng.TestRunner.privateRun(TestRunner.java:829)
at org.testng.TestRunner.run(TestRunner.java:602)
at org.testng.SuiteRunner.runTest(SuiteRunner.java:437)
at org.testng.SuiteRunner.runSequentially(SuiteRunner.java:431)
at org.testng.SuiteRunner.privateRun(SuiteRunner.java:391)
at org.testng.SuiteRunner.run(SuiteRunner.java:330)
at org.testng.SuiteRunnerWorker.runSuite(SuiteRunnerWorker.java:52)
at org.testng.SuiteRunnerWorker.run(SuiteRunnerWorker.java:95)
at org.testng.TestNG.runSuitesSequentially(TestNG.java:1256)
at org.testng.TestNG.runSuitesLocally(TestNG.java:1176)
at org.testng.TestNG.runSuites(TestNG.java:1099)
at org.testng.TestNG.run(TestNG.java:1067)
at org.testng.remote.AbstractRemoteTestNG.run(AbstractRemoteTestNG.java:115)
at org.testng.remote.RemoteTestNG.initAndRun(RemoteTestNG.java:251)
at org.testng.remote.RemoteTestNG.main(RemoteTestNG.java:77)
]]>
            </full-stacktrace>
          </exception> <!-- org.openqa.selenium.SessionNotCreatedException -->
          <reporter-output>
          </reporter-output>
        </test-method> <!-- FillForm_positiveFlow -->
        <test-method is-config="true" signature="tearDown()[pri:0, instance:org.rahulshettyacademy.eCommerce_tc_1@e54303]" started-at="2023-04-17T20:54:54 IST" name="tearDown" finished-at="2023-04-17T20:54:54 IST" duration-ms="0" status="SKIP">
          <reporter-output>
          </reporter-output>
        </test-method> <!-- tearDown -->
      </class> <!-- org.rahulshettyacademy.eCommerce_tc_1 -->
    </test> <!-- error validation Test -->
  </suite> <!-- Suite -->
</testng-results>
