<?xml version="1.0" encoding="UTF-8"?>
<testng-results ignored="0" total="1" passed="1" failed="0" skipped="0">
  <reporter-output>
  </reporter-output>
  <suite started-at="2023-04-08T00:52:53 IST" name="Default suite" finished-at="2023-04-08T00:53:51 IST" duration-ms="58580">
    <groups>
    </groups>
    <test started-at="2023-04-08T00:52:53 IST" name="Default test" finished-at="2023-04-08T00:53:51 IST" duration-ms="58580">
      <class name="rahulshettyacademy.Appium.eCommerce_tc_3_Hybrid">
        <test-method is-config="true" signature="ConfigureAppium()[pri:0, instance:rahulshettyacademy.Appium.eCommerce_tc_3_Hybrid@2a65fe7c]" started-at="2023-04-08T00:52:53 IST" name="ConfigureAppium" finished-at="2023-04-08T00:53:01 IST" duration-ms="8137" status="PASS">
          <reporter-output>
          </reporter-output>
        </test-method> <!-- ConfigureAppium -->
        <test-method signature="FillForm()[pri:0, instance:rahulshettyacademy.Appium.eCommerce_tc_3_Hybrid@2a65fe7c]" started-at="2023-04-08T00:53:01 IST" name="FillForm" finished-at="2023-04-08T00:53:51 IST" duration-ms="49893" status="PASS">
          <reporter-output>
          </reporter-output>
        </test-method> <!-- FillForm -->
        <test-method is-config="true" signature="tearDown()[pri:0, instance:rahulshettyacademy.Appium.eCommerce_tc_3_Hybrid@2a65fe7c]" started-at="2023-04-08T00:53:51 IST" name="tearDown" finished-at="2023-04-08T00:53:51 IST" duration-ms="506" status="PASS">
          <reporter-output>
          </reporter-output>
        </test-method> <!-- tearDown -->
      </class> <!-- rahulshettyacademy.Appium.eCommerce_tc_3_Hybrid -->
    </test> <!-- Default test -->
  </suite> <!-- Default suite -->
</testng-results>
