<?xml version="1.0" encoding="UTF-8"?>
<!-- Generated by org.testng.reporters.JUnitXMLReporter -->
<testsuite ignored="0" hostname="DESKTOP-HHRJMA8" failures="0" tests="3" name="Test" time="115.597" errors="0" timestamp="2023-04-14T10:27:30 IST">
  <testcase classname="org.rahulshettyacademy.eCommerce_tc_3_Hybrid" name="FillForm" time="25.933"/>
  <testcase classname="org.rahulshettyacademy.eCommerce_tc_1" name="FillForm_ErrorValidation" time="13.451"/>
  <testcase classname="org.rahulshettyacademy.eCommerce_tc_1" name="FillForm_positiveFlow" time="13.797"/>
</testsuite> <!-- Test -->
